C51 COMPILER V9.57.0.0   GP8202                                                            07/07/2021 17:51:00 PAGE 1   


C51 COMPILER V9.57.0.0, COMPILATION OF MODULE GP8202
OBJECT MODULE PLACED IN .\Objects\gp8202.obj
COMPILER INVOKED BY: D:\Program Files\keil\C51\BIN\C51.EXE source\gp8202.c LARGE OPTIMIZE(8,SPEED) BROWSE INCDIR(.\drive
                    -r;.\source;.\lib) DEBUG OBJECTEXTEND PRINT(.\Listings\gp8202.lst) TABS(2) OBJECT(.\Objects\gp8202.obj)

line level    source

   1          #include "gp8202.h"
   2          #include "iic.h"
   3          
   4          IIC_CFG GP8202;
   5          
   6          //-------------------------------------------------------
   7          void Init_GP8202(void)
   8          {
   9   1        GP8202.SDAPort = PORTP33;
  10   1        GP8202.SCLPort = PORTP32;
  11   1        Init_IIc_Interface(&GP8202);
  12   1        
  13   1        i2cstart(&GP8202);  
  14   1        i2cbw(0xb0,&GP8202);
  15   1        i2cbw(0x02,&GP8202);
  16   1        mnak(&GP8202);
  17   1      //  IIC_Nack();
  18   1        i2cstop(&GP8202); 
  19   1      }
  20          //----------------------------------------------------------
  21          void change_data(u16 DAC_data)
  22          {
  23   1        i2cstart(&GP8202);  
  24   1        i2cbw(0xb0,&GP8202);
  25   1        i2cbw(0x02,&GP8202);
  26   1        i2cbw(DAC_data%256,&GP8202);    
  27   1        i2cbw(DAC_data>>8,&GP8202);
  28   1        i2cstop(&GP8202);
  29   1      }


MODULE INFORMATION:   STATIC OVERLAYABLE
   CODE SIZE        =    143    ----
   CONSTANT SIZE    =   ----    ----
   XDATA SIZE       =      4       2
   PDATA SIZE       =   ----    ----
   DATA SIZE        =   ----    ----
   IDATA SIZE       =   ----    ----
   BIT SIZE         =   ----    ----
END OF MODULE INFORMATION.


C51 COMPILATION COMPLETE.  0 WARNING(S),  0 ERROR(S)
