C51 COMPILER V9.60.7.0   MAIN                                                              05/05/2023 15:50:19 PAGE 1   


C51 COMPILER V9.60.7.0, COMPILATION OF MODULE MAIN
OBJECT MODULE PLACED IN .\Objects\main.obj
COMPILER INVOKED BY: C:\Keil_v5\C51\BIN\C51.EXE source\main.c LARGE OPTIMIZE(8,SPEED) BROWSE INCDIR(.\driver;.\source;.\
                    -lib) DEBUG OBJECTEXTEND PRINT(.\Listings\main.lst) OBJECT(.\Objects\main.obj)

line level    source

   1          #include "timer.h"
   2          #include "ui.h"
   3          #include "uart.h"
   4          #include "modbus.h"
   5          #include "umath.h"
   6          #include "debug.h"
   7          #include "http.h"
   8          #include "permission.h"
   9          #include <STRING.H>
  10          #include "norflash.h"
  11          #include "rtc.h"
  12          #include "data.h"
  13          #include "const.h"
  14          #include "alarm.h"
  15          #include "norflash.h"
  16          #include "data.h"
  17          
  18          void main()
  19          {
  20   1              T0_Init(); // 定时器0初始化
  21   1              init_rtc();
  22   1              DEBUGINIT();
  23   1              UartInit(UART485, 9600);
  24   1              UartInit(UART2, 115200);
  25   1              EA = 1;
  26   1              sysParameterRead();
  27   1              modbusCenerate(); // 需放到参数读取后边
  28   1              DEBUGINFO("modbusCenerate\n");
  29   1              historyAlarmRead();
  30   1      
  31   1              // DEBUGINFO("modbusNum = %d \n", (uint16_t)modbusNum);
  32   1              openScreenProtection();
  33   1              StartTimer(0, 200);
  34   1      
  35   1              DEBUGINFO("System start\n");
  36   1      
  37   1              while (1)
  38   1              {
  39   2                      PageFunction();
  40   2                      modbusTreat();
  41   2                      if (GetTimeOutFlag(0)) // 200ms
  42   2                      {
  43   3                              rdtime();
  44   3                              publicUI();
  45   3                              alarmTreat();
  46   3                              StartTimer(0, 200);
  47   3                      }
  48   2                      batteryManage();
  49   2              }
  50   1      }


MODULE INFORMATION:   STATIC OVERLAYABLE
   CODE SIZE        =    117    ----
C51 COMPILER V9.60.7.0   MAIN                                                              05/05/2023 15:50:19 PAGE 2   

   CONSTANT SIZE    =     30    ----
   XDATA SIZE       =   ----    ----
   PDATA SIZE       =   ----    ----
   DATA SIZE        =   ----    ----
   IDATA SIZE       =   ----    ----
   BIT SIZE         =   ----    ----
END OF MODULE INFORMATION.


C51 COMPILATION COMPLETE.  0 WARNING(S),  0 ERROR(S)
